<?xml version="1.0" encoding="UTF-8"?>
<!-- Generated by org.testng.reporters.JUnitReportReporter -->
<testsuite skipped="0" hostname="LAPTOP-B5QH8RSV" name="com.Appium.demo.buyProduct.TC1_BuyProduct" tests="4" failures="0" timestamp="06 May 2020 08:59:43 GMT" time="29.470" errors="0">
  <testcase name="checkout" time="0.593" classname="com.Appium.demo.buyProduct.TC1_BuyProduct"/>
  <testcase name="signUp" time="11.476" classname="com.Appium.demo.buyProduct.TC1_BuyProduct"/>
  <testcase name="verifyAmount" time="3.451" classname="com.Appium.demo.buyProduct.TC1_BuyProduct"/>
  <testcase name="addProducts" time="13.950" classname="com.Appium.demo.buyProduct.TC1_BuyProduct"/>
</testsuite> <!-- com.Appium.demo.buyProduct.TC1_BuyProduct -->
