<?xml version="1.0" encoding="UTF-8"?>
<!-- Generated by org.testng.reporters.JUnitReportReporter -->
<testsuite skipped="0" hostname="LAPTOP-B5QH8RSV" name="com.Appium.demo.buyProduct.TC1_BuyProduct" tests="4" failures="0" timestamp="08 May 2020 06:30:11 GMT" time="25.743" errors="0">
  <testcase name="verifyAmount" time="3.516" classname="com.Appium.demo.buyProduct.TC1_BuyProduct"/>
  <testcase name="addProducts" time="10.105" classname="com.Appium.demo.buyProduct.TC1_BuyProduct"/>
  <testcase name="checkout" time="0.610" classname="com.Appium.demo.buyProduct.TC1_BuyProduct"/>
  <testcase name="signUp" time="11.512" classname="com.Appium.demo.buyProduct.TC1_BuyProduct"/>
</testsuite> <!-- com.Appium.demo.buyProduct.TC1_BuyProduct -->
