<?xml version="1.0" encoding="UTF-8"?>
<!-- Generated by org.testng.reporters.JUnitReportReporter -->
<testsuite skipped="0" hostname="LAPTOP-B5QH8RSV" name="com.Appium.demo.Login.TC1_Signup" tests="1" failures="0" timestamp="08 May 2020 06:30:11 GMT" time="11.588" errors="0">
  <testcase name="signUp" time="11.588" classname="com.Appium.demo.Login.TC1_Signup"/>
</testsuite> <!-- com.Appium.demo.Login.TC1_Signup -->
