<?xml version="1.0" encoding="UTF-8"?>
<!-- Generated by org.testng.reporters.JUnitReportReporter -->
<testsuite skipped="0" hostname="LAPTOP-B5QH8RSV" name="com.Appium.demo.checkout.TC1_Checkout" tests="4" failures="0" timestamp="08 May 2020 06:30:11 GMT" time="25.434" errors="0">
  <testcase name="signUp" time="11.458" classname="com.Appium.demo.checkout.TC1_Checkout"/>
  <testcase name="verifyAmount" time="3.511" classname="com.Appium.demo.checkout.TC1_Checkout"/>
  <testcase name="addProducts" time="9.854" classname="com.Appium.demo.checkout.TC1_Checkout"/>
  <testcase name="checkout" time="0.611" classname="com.Appium.demo.checkout.TC1_Checkout"/>
</testsuite> <!-- com.Appium.demo.checkout.TC1_Checkout -->
