<?xml version="1.0" encoding="UTF-8"?>
<!-- Generated by org.testng.reporters.JUnitReportReporter -->
<testsuite skipped="0" hostname="LAPTOP-B5QH8RSV" name="com.Appium.demo.Login.TC2_SignupInvalid" tests="2" failures="0" timestamp="08 May 2020 06:30:11 GMT" time="10.293" errors="0">
  <testcase name="signUp2" time="9.605" classname="com.Appium.demo.Login.TC2_SignupInvalid"/>
  <testcase name="validateSignup" time="0.688" classname="com.Appium.demo.Login.TC2_SignupInvalid"/>
</testsuite> <!-- com.Appium.demo.Login.TC2_SignupInvalid -->
